#
# There is insufficient memory for the Java Runtime Environment to continue.
# Native memory allocation (malloc) failed to allocate 1245856 bytes for Chunk::new
# Possible reasons:
#   The system is out of physical RAM or swap space
#   In 32 bit mode, the process size limit was hit
# Possible solutions:
#   Reduce memory load on the system
#   Increase physical memory or swap space
#   Check if swap backing store is full
#   Use 64 bit Java on a 64 bit OS
#   Decrease Java heap size (-Xmx/-Xms)
#   Decrease number of Java threads
#   Decrease Java thread stack sizes (-Xss)
#   Set larger code cache with -XX:ReservedCodeCacheSize=
# This output file may be truncated or incomplete.
#
#  Out of Memory Error (allocation.cpp:323), pid=17904, tid=5124
#
# JRE version: Java(TM) SE Runtime Environment (7.0_60-b19) (build 1.7.0_60-b19)
# Java VM: Java HotSpot(TM) 64-Bit Server VM (24.60-b09 mixed mode windows-amd64 compressed oops)
# Failed to write core dump. Minidumps are not enabled by default on client versions of Windows
#

---------------  T H R E A D  ---------------

Current thread (0x0000000008420000):  JavaThread "C2 CompilerThread0" daemon [_thread_in_native, id=5124, stack(0x0000000009980000,0x0000000009a80000)]

Stack: [0x0000000009980000,0x0000000009a80000]

Current CompileTask:
C2:  20165  688   !         com.android.dx.cf.code.BytecodeArray::parseInstruction (2764 bytes)


---------------  P R O C E S S  ---------------

Java Threads: ( => current thread )
  0x000000000a0b0000 JavaThread "pool-2-thread-4" [_thread_in_Java, id=4756, stack(0x000000000ad80000,0x000000000ae80000)]
  0x0000000009e8b800 JavaThread "pool-2-thread-3" [_thread_in_Java, id=5004, stack(0x000000000a480000,0x000000000a580000)]
  0x0000000009e8a800 JavaThread "pool-2-thread-2" [_thread_in_Java, id=15928, stack(0x000000000a380000,0x000000000a480000)]
  0x0000000009e58800 JavaThread "pool-3-thread-1" [_thread_blocked, id=1688, stack(0x000000000a280000,0x000000000a380000)]
  0x0000000009e54800 JavaThread "pool-2-thread-1" [_thread_in_Java, id=4924, stack(0x000000000a180000,0x000000000a280000)]
  0x0000000008434000 JavaThread "Service Thread" daemon [_thread_blocked, id=12772, stack(0x0000000009b80000,0x0000000009c80000)]
  0x0000000008422000 JavaThread "C2 CompilerThread1" daemon [_thread_blocked, id=12108, stack(0x0000000009a80000,0x0000000009b80000)]
=>0x0000000008420000 JavaThread "C2 CompilerThread0" daemon [_thread_in_native, id=5124, stack(0x0000000009980000,0x0000000009a80000)]
  0x000000000841f000 JavaThread "Attach Listener" daemon [_thread_blocked, id=17920, stack(0x0000000009880000,0x0000000009980000)]
  0x000000000841c000 JavaThread "Signal Dispatcher" daemon [_thread_blocked, id=11928, stack(0x0000000009780000,0x0000000009880000)]
  0x00000000083c9800 JavaThread "Finalizer" daemon [_thread_blocked, id=17896, stack(0x0000000009680000,0x0000000009780000)]
  0x00000000083c6000 JavaThread "Reference Handler" daemon [_thread_blocked, id=4168, stack(0x0000000009580000,0x0000000009680000)]
  0x000000000256d800 JavaThread "main" [_thread_in_Java, id=10804, stack(0x0000000001f70000,0x0000000002070000)]

Other Threads:
  0x00000000083c1000 VMThread [stack: 0x0000000009480000,0x0000000009580000] [id=9588]
  0x000000000843e800 WatcherThread [stack: 0x0000000009c80000,0x0000000009d80000] [id=4524]

VM state:not at safepoint (normal execution)

VM Mutex/Monitor currently owned by a thread: None

Heap
 PSYoungGen      total 249344K, used 165564K [0x00000000eaa80000, 0x0000000100000000, 0x0000000100000000)
  eden space 148992K, 43% used [0x00000000eaa80000,0x00000000eea2fb58,0x00000000f3c00000)
  from space 100352K, 99% used [0x00000000f3c00000,0x00000000f9dff810,0x00000000f9e00000)
  to   space 100352K, 0% used [0x00000000f9e00000,0x00000000f9e00000,0x0000000100000000)
 ParOldGen       total 171520K, used 81913K [0x00000000c0000000, 0x00000000ca780000, 0x00000000eaa80000)
  object space 171520K, 47% used [0x00000000c0000000,0x00000000c4ffe678,0x00000000ca780000)
 PSPermGen       total 21504K, used 5594K [0x00000000bae00000, 0x00000000bc300000, 0x00000000c0000000)
  object space 21504K, 26% used [0x00000000bae00000,0x00000000bb376bb8,0x00000000bc300000)

Card table byte_map: [0x0000000005630000,0x0000000005860000] byte_map_base: 0x0000000005059000

Polling page: 0x00000000008a0000

Code Cache  [0x0000000002570000, 0x0000000002880000, 0x0000000005570000)
 total_blobs=886 nmethods=670 adapters=168 free_code_cache=46307Kb largest_free_block=47155328

Compilation events (10 events):
Event: 18.614 Thread 0x0000000008420000 nmethod 684 0x000000000285abd0 code [0x000000000285ae40, 0x000000000285bcc0]
Event: 18.822 Thread 0x0000000008422000  685             com.android.dx.rop.cst.CstType::equals (29 bytes)
Event: 18.823 Thread 0x0000000008422000 nmethod 685 0x0000000002655210 code [0x0000000002655340, 0x00000000026553b8]
Event: 19.950 Thread 0x0000000008420000  686 %           com.android.dx.util.FixedSizeList::shrinkToFit @ 10 (103 bytes)
Event: 19.966 Thread 0x0000000008420000 nmethod 686% 0x000000000282c790 code [0x000000000282c8e0, 0x000000000282cd38]
Event: 19.984 Thread 0x0000000008422000  687             com.android.dx.util.FixedSizeList::shrinkToFit (103 bytes)
Event: 19.994 Thread 0x0000000008422000 nmethod 687 0x00000000026dc2d0 code [0x00000000026dc420, 0x00000000026dc798]
Event: 20.109 Thread 0x0000000008420000  688   !         com.android.dx.cf.code.BytecodeArray::parseInstruction (2764 bytes)
Event: 20.117 Thread 0x0000000008422000  689             com.android.dx.cf.attrib.BaseAttribute::getName (5 bytes)
Event: 20.118 Thread 0x0000000008422000 nmethod 689 0x0000000002655010 code [0x0000000002655140, 0x0000000002655198]

GC Heap History (10 events):
Event: 12.717 GC heap before
{Heap before GC invocations=7 (full 2):
 PSYoungGen      total 140288K, used 5089K [0x00000000eaa80000, 0x00000000fd400000, 0x0000000100000000)
  eden space 135168K, 0% used [0x00000000eaa80000,0x00000000eaa80000,0x00000000f2e80000)
  from space 5120K, 99% used [0x00000000f2e80000,0x00000000f33787c8,0x00000000f3380000)
  to   space 60416K, 0% used [0x00000000f9900000,0x00000000f9900000,0x00000000fd400000)
 ParOldGen       total 149504K, used 128361K [0x00000000c0000000, 0x00000000c9200000, 0x00000000eaa80000)
  object space 149504K, 85% used [0x00000000c0000000,0x00000000c7d5a5f0,0x00000000c9200000)
 PSPermGen       total 21504K, used 5573K [0x00000000bae00000, 0x00000000bc300000, 0x00000000c0000000)
  object space 21504K, 25% used [0x00000000bae00000,0x00000000bb371528,0x00000000bc300000)
Event: 13.676 GC heap after
Heap after GC invocations=7 (full 2):
 PSYoungGen      total 140288K, used 0K [0x00000000eaa80000, 0x00000000fd400000, 0x0000000100000000)
  eden space 135168K, 0% used [0x00000000eaa80000,0x00000000eaa80000,0x00000000f2e80000)
  from space 5120K, 0% used [0x00000000f2e80000,0x00000000f2e80000,0x00000000f3380000)
  to   space 60416K, 0% used [0x00000000f9900000,0x00000000f9900000,0x00000000fd400000)
 ParOldGen       total 171520K, used 51791K [0x00000000c0000000, 0x00000000ca780000, 0x00000000eaa80000)
  object space 171520K, 30% used [0x00000000c0000000,0x00000000c3293e58,0x00000000ca780000)
 PSPermGen       total 21504K, used 5572K [0x00000000bae00000, 0x00000000bc300000, 0x00000000c0000000)
  object space 21504K, 25% used [0x00000000bae00000,0x00000000bb371268,0x00000000bc300000)
}
Event: 14.148 GC heap before
{Heap before GC invocations=8 (full 2):
 PSYoungGen      total 140288K, used 135168K [0x00000000eaa80000, 0x00000000fd400000, 0x0000000100000000)
  eden space 135168K, 100% used [0x00000000eaa80000,0x00000000f2e80000,0x00000000f2e80000)
  from space 5120K, 0% used [0x00000000f2e80000,0x00000000f2e80000,0x00000000f3380000)
  to   space 60416K, 0% used [0x00000000f9900000,0x00000000f9900000,0x00000000fd400000)
 ParOldGen       total 171520K, used 51791K [0x00000000c0000000, 0x00000000ca780000, 0x00000000eaa80000)
  object space 171520K, 30% used [0x00000000c0000000,0x00000000c3293e58,0x00000000ca780000)
 PSPermGen       total 21504K, used 5576K [0x00000000bae00000, 0x00000000bc300000, 0x00000000c0000000)
  object space 21504K, 25% used [0x00000000bae00000,0x00000000bb3721a8,0x00000000bc300000)
Event: 14.318 GC heap after
Heap after GC invocations=8 (full 2):
 PSYoungGen      total 235008K, used 55635K [0x00000000eaa80000, 0x00000000ff800000, 0x0000000100000000)
  eden space 174592K, 0% used [0x00000000eaa80000,0x00000000eaa80000,0x00000000f5500000)
  from space 60416K, 92% used [0x00000000f9900000,0x00000000fcf54e70,0x00000000fd400000)
  to   space 69632K, 0% used [0x00000000f5500000,0x00000000f5500000,0x00000000f9900000)
 ParOldGen       total 171520K, used 51791K [0x00000000c0000000, 0x00000000ca780000, 0x00000000eaa80000)
  object space 171520K, 30% used [0x00000000c0000000,0x00000000c3293e58,0x00000000ca780000)
 PSPermGen       total 21504K, used 5576K [0x00000000bae00000, 0x00000000bc300000, 0x00000000c0000000)
  object space 21504K, 25% used [0x00000000bae00000,0x00000000bb3721a8,0x00000000bc300000)
}
Event: 15.727 GC heap before
{Heap before GC invocations=9 (full 2):
 PSYoungGen      total 235008K, used 230227K [0x00000000eaa80000, 0x00000000ff800000, 0x0000000100000000)
  eden space 174592K, 100% used [0x00000000eaa80000,0x00000000f5500000,0x00000000f5500000)
  from space 60416K, 92% used [0x00000000f9900000,0x00000000fcf54e70,0x00000000fd400000)
  to   space 69632K, 0% used [0x00000000f5500000,0x00000000f5500000,0x00000000f9900000)
 ParOldGen       total 171520K, used 51791K [0x00000000c0000000, 0x00000000ca780000, 0x00000000eaa80000)
  object space 171520K, 30% used [0x00000000c0000000,0x00000000c3293e58,0x00000000ca780000)
 PSPermGen       total 21504K, used 5585K [0x00000000bae00000, 0x00000000bc300000, 0x00000000c0000000)
  object space 21504K, 25% used [0x00000000bae00000,0x00000000bb374538,0x00000000bc300000)
Event: 16.008 GC heap after
Heap after GC invocations=9 (full 2):
 PSYoungGen      total 244224K, used 69620K [0x00000000eaa80000, 0x0000000100000000, 0x0000000100000000)
  eden space 174592K, 0% used [0x00000000eaa80000,0x00000000eaa80000,0x00000000f5500000)
  from space 69632K, 99% used [0x00000000f5500000,0x00000000f98fd028,0x00000000f9900000)
  to   space 86016K, 0% used [0x00000000fac00000,0x00000000fac00000,0x0000000100000000)
 ParOldGen       total 171520K, used 59724K [0x00000000c0000000, 0x00000000ca780000, 0x00000000eaa80000)
  object space 171520K, 34% used [0x00000000c0000000,0x00000000c3a533f0,0x00000000ca780000)
 PSPermGen       total 21504K, used 5585K [0x00000000bae00000, 0x00000000bc300000, 0x00000000c0000000)
  object space 21504K, 25% used [0x00000000bae00000,0x00000000bb374538,0x00000000bc300000)
}
Event: 17.004 GC heap before
{Heap before GC invocations=10 (full 2):
 PSYoungGen      total 244224K, used 244212K [0x00000000eaa80000, 0x0000000100000000, 0x0000000100000000)
  eden space 174592K, 100% used [0x00000000eaa80000,0x00000000f5500000,0x00000000f5500000)
  from space 69632K, 99% used [0x00000000f5500000,0x00000000f98fd028,0x00000000f9900000)
  to   space 86016K, 0% used [0x00000000fac00000,0x00000000fac00000,0x0000000100000000)
 ParOldGen       total 171520K, used 59724K [0x00000000c0000000, 0x00000000ca780000, 0x00000000eaa80000)
  object space 171520K, 34% used [0x00000000c0000000,0x00000000c3a533f0,0x00000000ca780000)
 PSPermGen       total 21504K, used 5591K [0x00000000bae00000, 0x00000000bc300000, 0x00000000c0000000)
  object space 21504K, 26% used [0x00000000bae00000,0x00000000bb375d10,0x00000000bc300000)
Event: 17.603 GC heap after
Heap after GC invocations=10 (full 2):
 PSYoungGen      total 235008K, used 85956K [0x00000000eaa80000, 0x0000000100000000, 0x0000000100000000)
  eden space 148992K, 0% used [0x00000000eaa80000,0x00000000eaa80000,0x00000000f3c00000)
  from space 86016K, 99% used [0x00000000fac00000,0x00000000ffff10b8,0x0000000100000000)
  to   space 100352K, 0% used [0x00000000f3c00000,0x00000000f3c00000,0x00000000f9e00000)
 ParOldGen       total 171520K, used 59724K [0x00000000c0000000, 0x00000000ca780000, 0x00000000eaa80000)
  object space 171520K, 34% used [0x00000000c0000000,0x00000000c3a533f0,0x00000000ca780000)
 PSPermGen       total 21504K, used 5591K [0x00000000bae00000, 0x00000000bc300000, 0x00000000c0000000)
  object space 21504K, 26% used [0x00000000bae00000,0x00000000bb375d10,0x00000000bc300000)
}
Event: 18.994 GC heap before
{Heap before GC invocations=11 (full 2):
 PSYoungGen      total 235008K, used 234948K [0x00000000eaa80000, 0x0000000100000000, 0x0000000100000000)
  eden space 148992K, 100% used [0x00000000eaa80000,0x00000000f3c00000,0x00000000f3c00000)
  from space 86016K, 99% used [0x00000000fac00000,0x00000000ffff10b8,0x0000000100000000)
  to   space 100352K, 0% used [0x00000000f3c00000,0x00000000f3c00000,0x00000000f9e00000)
 ParOldGen       total 171520K, used 59724K [0x00000000c0000000, 0x00000000ca780000, 0x00000000eaa80000)
  object space 171520K, 34% used [0x00000000c0000000,0x00000000c3a533f0,0x00000000ca780000)
 PSPermGen       total 21504K, used 5591K [0x00000000bae00000, 0x00000000bc300000, 0x00000000c0000000)
  object space 21504K, 26% used [0x00000000bae00000,0x00000000bb375f90,0x00000000bc300000)
Event: 19.769 GC heap after
Heap after GC invocations=11 (full 2):
 PSYoungGen      total 249344K, used 100350K [0x00000000eaa80000, 0x0000000100000000, 0x0000000100000000)
  eden space 148992K, 0% used [0x00000000eaa80000,0x00000000eaa80000,0x00000000f3c00000)
  from space 100352K, 99% used [0x00000000f3c00000,0x00000000f9dff810,0x00000000f9e00000)
  to   space 100352K, 0% used [0x00000000f9e00000,0x00000000f9e00000,0x0000000100000000)
 ParOldGen       total 171520K, used 81913K [0x00000000c0000000, 0x00000000ca780000, 0x00000000eaa80000)
  object space 171520K, 47% used [0x00000000c0000000,0x00000000c4ffe678,0x00000000ca780000)
 PSPermGen       total 21504K, used 5591K [0x00000000bae00000, 0x00000000bc300000, 0x00000000c0000000)
  object space 21504K, 26% used [0x00000000bae00000,0x00000000bb375f90,0x00000000bc300000)
}

Deoptimization events (10 events):
Event: 17.792 Thread 0x0000000009e8a800 Uncommon trap: reason=class_check action=maybe_recompile pc=0x00000000027ab8d0 method=com.android.dx.cf.code.Ropper.processBlock(Lcom/android/dx/cf/code/ByteBlock;Lcom/android/dx/cf/code/Frame;[I)V @ 777
Event: 17.792 Thread 0x0000000009e8a800 Uncommon trap: reason=bimorphic action=maybe_recompile pc=0x0000000002840b90 method=com.android.dx.cf.code.RopperMachine.run(Lcom/android/dx/cf/code/Frame;II)V @ 988
Event: 17.793 Thread 0x0000000009e8a800 Uncommon trap: reason=bimorphic action=maybe_recompile pc=0x0000000002840b90 method=com.android.dx.cf.code.RopperMachine.run(Lcom/android/dx/cf/code/Frame;II)V @ 988
Event: 17.793 Thread 0x0000000009e8a800 Uncommon trap: reason=bimorphic action=maybe_recompile pc=0x0000000002840b90 method=com.android.dx.cf.code.RopperMachine.run(Lcom/android/dx/cf/code/Frame;II)V @ 988
Event: 18.398 Thread 0x0000000009e8a800 Uncommon trap: reason=unreached action=reinterpret pc=0x000000000274b140 method=com.android.dx.util.FixedSizeList.shrinkToFit()V @ 21
Event: 20.014 Thread 0x000000000256d800 Uncommon trap: reason=bimorphic action=maybe_recompile pc=0x0000000002831f7c method=com.android.dx.cf.code.BytecodeArray.parseInstruction(ILcom/android/dx/cf/code/BytecodeArray$Visitor;)I @ 1130
Event: 20.014 Thread 0x000000000256d800 Uncommon trap: reason=bimorphic action=maybe_recompile pc=0x0000000002830ee4 method=com.android.dx.cf.code.BytecodeArray.parseInstruction(ILcom/android/dx/cf/code/BytecodeArray$Visitor;)I @ 1501
Event: 20.014 Thread 0x000000000256d800 Uncommon trap: reason=bimorphic action=maybe_recompile pc=0x0000000002831f7c method=com.android.dx.cf.code.BytecodeArray.parseInstruction(ILcom/android/dx/cf/code/BytecodeArray$Visitor;)I @ 1130
Event: 20.034 Thread 0x000000000a0b0000 Uncommon trap: reason=class_check action=maybe_recompile pc=0x0000000002702790 method=com.android.dx.ssa.PhiTypeResolver.run()V @ 132
Event: 20.134 Thread 0x000000000a0b0000 Uncommon trap: reason=class_check action=maybe_recompile pc=0x0000000002702790 method=com.android.dx.ssa.PhiTypeResolver.run()V @ 132

Internal exceptions (10 events):
Event: 2.256 Thread 0x0000000009e8b800 Threw 0x00000000ebf84ca0 at C:\re\jdk7u60\1081\hotspot\src\share\vm\prims\jvm.cpp:1244
Event: 2.257 Thread 0x0000000009e8b800 Threw 0x00000000ebf8a088 at C:\re\jdk7u60\1081\hotspot\src\share\vm\prims\jvm.cpp:1244
Event: 2.883 Thread 0x0000000009e8a800 Threw 0x00000000ec3c2aa0 at C:\re\jdk7u60\1081\hotspot\src\share\vm\prims\jvm.cpp:1244
Event: 7.860 Thread 0x0000000009e54800 Threw 0x00000000ecddc918 at C:\re\jdk7u60\1081\hotspot\src\share\vm\prims\jvm.cpp:1244
Event: 7.964 Thread 0x0000000009e8b800 Threw 0x00000000ee82d008 at C:\re\jdk7u60\1081\hotspot\src\share\vm\prims\jvm.cpp:1244
Event: 9.558 Thread 0x000000000a0b0000 Threw 0x00000000eb75ef60 at C:\re\jdk7u60\1081\hotspot\src\share\vm\prims\jvm.cpp:1244
Event: 12.075 Thread 0x0000000009e8a800 Threw 0x00000000eeb81e98 at C:\re\jdk7u60\1081\hotspot\src\share\vm\prims\jvm.cpp:1244
Event: 12.159 Thread 0x000000000256d800 Implicit null exception at 0x000000000277d86b to 0x000000000277df45
Event: 12.375 Thread 0x000000000256d800 Threw 0x00000000efa6d078 at C:\re\jdk7u60\1081\hotspot\src\share\vm\prims\jvm.cpp:1244
Event: 15.332 Thread 0x000000000a0b0000 Implicit null exception at 0x000000000281b0b3 to 0x000000000281d209

Events (10 events):
Event: 20.014 Thread 0x000000000256d800 Uncommon trap: trap_request=0xffffffc6 fr.pc=0x0000000002831f7c
Event: 20.014 Thread 0x000000000256d800 DEOPT PACKING pc=0x0000000002831f7c sp=0x000000000206e150
Event: 20.014 Thread 0x000000000256d800 DEOPT UNPACKING pc=0x00000000025a75a4 sp=0x000000000206e0e8 mode 2
Event: 20.034 Thread 0x000000000a0b0000 Uncommon trap: trap_request=0xffffffde fr.pc=0x0000000002702790
Event: 20.034 Thread 0x000000000a0b0000 DEOPT PACKING pc=0x0000000002702790 sp=0x000000000ae7ea60
Event: 20.034 Thread 0x000000000a0b0000 DEOPT UNPACKING pc=0x00000000025a75a4 sp=0x000000000ae7e9d8 mode 2
Event: 20.118 Thread 0x0000000008422000 flushing nmethod 0x0000000002748110
Event: 20.134 Thread 0x000000000a0b0000 Uncommon trap: trap_request=0xffffffde fr.pc=0x0000000002702790
Event: 20.134 Thread 0x000000000a0b0000 DEOPT PACKING pc=0x0000000002702790 sp=0x000000000ae7ea60
Event: 20.134 Thread 0x000000000a0b0000 DEOPT UNPACKING pc=0x00000000025a75a4 sp=0x000000000ae7e9d8 mode 2


Dynamic libraries:
0x00007ff71ffe0000 - 0x00007ff720013000 	C:\Program Files\Java\jdk1.7.0_60\bin\java.exe
0x00007ffa056b0000 - 0x00007ffa05871000 	C:\Windows\SYSTEM32\ntdll.dll
0x00007ffa03000000 - 0x00007ffa030ad000 	C:\Windows\system32\KERNEL32.DLL
0x00007ffa026c0000 - 0x00007ffa028a8000 	C:\Windows\system32\KERNELBASE.dll
0x00007ffa03bb0000 - 0x00007ffa03c57000 	C:\Windows\system32\ADVAPI32.dll
0x00007ffa03770000 - 0x00007ffa0380d000 	C:\Windows\system32\msvcrt.dll
0x00007ffa036f0000 - 0x00007ffa0374b000 	C:\Windows\system32\sechost.dll
0x00007ffa03160000 - 0x00007ffa0327c000 	C:\Windows\system32\RPCRT4.dll
0x00007ffa03810000 - 0x00007ffa03966000 	C:\Windows\system32\USER32.dll
0x00007ffa054c0000 - 0x00007ffa05646000 	C:\Windows\system32\GDI32.dll
0x00007ff9fd6d0000 - 0x00007ff9fd944000 	C:\Windows\WinSxS\amd64_microsoft.windows.common-controls_6595b64144ccf1df_6.0.10586.0_none_8c15ae12515e1c22\COMCTL32.dll
0x00007ffa03c60000 - 0x00007ffa03edd000 	C:\Windows\system32\combase.dll
0x00007ffa01d60000 - 0x00007ffa01dca000 	C:\Windows\system32\bcryptPrimitives.dll
0x00007ffa036b0000 - 0x00007ffa036eb000 	C:\Windows\system32\IMM32.DLL
0x0000000072a30000 - 0x0000000072b02000 	C:\Program Files\Java\jdk1.7.0_60\jre\bin\msvcr100.dll
0x0000000071350000 - 0x0000000071b22000 	C:\Program Files\Java\jdk1.7.0_60\jre\bin\server\jvm.dll
0x00007ffa03f50000 - 0x00007ffa03f58000 	C:\Windows\system32\PSAPI.DLL
0x00007ff9ff870000 - 0x00007ff9ff879000 	C:\Windows\SYSTEM32\WSOCK32.dll
0x00007ffa03a30000 - 0x00007ffa03a9b000 	C:\Windows\system32\WS2_32.dll
0x00007ff9fff50000 - 0x00007ff9fff73000 	C:\Windows\SYSTEM32\WINMM.dll
0x00007ff9ffef0000 - 0x00007ff9fff1c000 	C:\Windows\SYSTEM32\WINMMBASE.dll
0x00007ffa02420000 - 0x00007ffa02463000 	C:\Windows\system32\cfgmgr32.dll
0x00000000736d0000 - 0x00000000736df000 	C:\Program Files\Java\jdk1.7.0_60\jre\bin\verify.dll
0x0000000072a00000 - 0x0000000072a28000 	C:\Program Files\Java\jdk1.7.0_60\jre\bin\java.dll
0x00000000729e0000 - 0x00000000729f5000 	C:\Program Files\Java\jdk1.7.0_60\jre\bin\zip.dll

VM Arguments:
jvm_args: -Djava.awt.headless=true -Xmx1024M -Dfile.encoding=GBK -Duser.country=CN -Duser.language=zh -Duser.variant 
java_command: com.android.dx.command.Main --dex --force-jumbo --num-threads=4 --multi-dex --output E:\workspace\MyDemos\app\build\intermediates\transforms\dex\debug\folders\1000\5\slice_9 E:\workspace\MyDemos\app\build\intermediates\transforms\instantRunSlicer\debug\folders\1\5\slice_9
Launcher Type: SUN_STANDARD

Environment Variables:
JAVA_HOME=C:\Program Files\Java\jdk1.7.0_60
CLASSPATH=C:\Program Files\Java\jdk1.7.0_60\lib\dt.jar;C:\Program Files\Java\jdk1.7.0_60\lib\tools.jar
PATH=C:\Windows\system32;C:\Windows;C:\Windows\System32\Wbem;C:\Windows\System32\WindowsPowerShell\v1.0\;C:\Program Files (x86)\NVIDIA Corporation\PhysX\Common;JAVA_HOME\bin;JAVA_HOME\jre\bin;D:\ADT-Bundle\sdk\platform-tools;C:\Program Files (x86)\decomp;4.94066E-324RADLE_HOME\bin
USERNAME=AllenIverson
OS=Windows_NT
PROCESSOR_IDENTIFIER=Intel64 Family 6 Model 42 Stepping 7, GenuineIntel



---------------  S Y S T E M  ---------------

OS: Windows 8.1 , 64 bit Build 9600 

CPU:total 4 (2 cores per cpu, 2 threads per core) family 6 model 42 stepping 7, cmov, cx8, fxsr, mmx, sse, sse2, sse3, ssse3, sse4.1, sse4.2, popcnt, avx, aes, ht, tsc, tscinvbit

Memory: 4k page, physical 8364836k(554536k free), swap 8364836k(6420k free)

vm_info: Java HotSpot(TM) 64-Bit Server VM (24.60-b09) for windows-amd64 JRE (1.7.0_60-b19), built on May  7 2014 12:55:18 by "java_re" with unknown MS VC++:1600

time: Mon Jun 13 12:32:46 2016
elapsed time: 20 seconds

